{
  "uid" : "e8046152a4065c2d",
  "name" : "test_add_positive",
  "fullName" : "test_calc#test_add_positive",
  "historyId" : "ddf9f0a4d6252006af1dd7f248a9d7aa",
  "time" : {
    "start" : 1623396179633,
    "stop" : 1623396179633,
    "duration" : 0
  },
  "status" : "failed",
  "statusMessage" : "AssertionError: assert -1 == 3\n +  where -1 = add_numbers(1, 2)",
  "statusTrace" : "def test_add_positive():\n>       assert add_numbers(1, 2) == 3\nE       assert -1 == 3\nE        +  where -1 = add_numbers(1, 2)\n\ntest_calc.py:6: AssertionError",
  "flaky" : false,
  "newFailed" : false,
  "beforeStages" : [ ],
  "afterStages" : [ ],
  "labels" : [ {
    "name" : "suite",
    "value" : "test_calc"
  }, {
    "name" : "host",
    "value" : "fv-az83-691"
  }, {
    "name" : "thread",
    "value" : "2812-MainThread"
  }, {
    "name" : "framework",
    "value" : "pytest"
  }, {
    "name" : "language",
    "value" : "cpython3"
  }, {
    "name" : "package",
    "value" : "test_calc"
  }, {
    "name" : "resultFormat",
    "value" : "allure2"
  } ],
  "parameters" : [ ],
  "links" : [ ],
  "hidden" : false,
  "retry" : false,
  "extra" : {
    "severity" : "normal",
    "retries" : [ ],
    "categories" : [ {
      "name" : "Product defects",
      "matchedStatuses" : [ ],
      "flaky" : false
    } ],
    "history" : {
      "statistic" : {
        "failed" : 3,
        "broken" : 0,
        "skipped" : 0,
        "passed" : 0,
        "unknown" : 0,
        "total" : 3
      },
      "items" : [ {
        "uid" : "1eff592179a9a37f",
        "reportUrl" : "https://plresearch999.github.io/selenium-py-peldatar/12//#testresult/1eff592179a9a37f",
        "status" : "failed",
        "statusDetails" : "AssertionError: assert -1 == 3\n +  where -1 = add_numbers(1, 2)",
        "time" : {
          "start" : 1623396161217,
          "stop" : 1623396161217,
          "duration" : 0
        }
      }, {
        "uid" : "329403e2b712e06b",
        "reportUrl" : "https://plresearch999.github.io/selenium-py-peldatar/11//#testresult/329403e2b712e06b",
        "status" : "failed",
        "statusDetails" : "AssertionError: assert -1 == 3\n +  where -1 = add_numbers(1, 2)",
        "time" : {
          "start" : 1623395480411,
          "stop" : 1623395480411,
          "duration" : 0
        }
      } ]
    },
    "tags" : [ ]
  },
  "source" : "e8046152a4065c2d.json",
  "parameterValues" : [ ]
}